Using pre-set license
Built from '2020.3/staging' branch; Version is '2020.3.22f1 (e1a7f79fd887) revision 14788599'; Using compiler version '192528614'; Build Type 'Release'
OS: 'Windows 10 Home; OS build 19042.1348; Version 2009; 64bit' Language: 'es' Physical Memory: 12172 MB
BatchMode: 1, IsHumanControllingUs: 0, StartBugReporterOnCrash: 0, Is64bit: 1, IsPro: 0

COMMAND LINE ARGUMENTS:
C:\Program Files\Unity\Hub\Editor\2020.3.22f1\Editor\Unity.exe
-adb2
-batchMode
-noUpm
-name
AssetImportWorker10
-projectPath
C:/Users/asus/Documents/GitHub/XR_Hackathon_FB
-logFile
Logs/AssetImportWorker10.log
-srvPort
49448
Successfully changed project path to: C:/Users/asus/Documents/GitHub/XR_Hackathon_FB
C:/Users/asus/Documents/GitHub/XR_Hackathon_FB
Using Asset Import Pipeline V2.
Refreshing native plugins compatible for Editor in 177.73 ms, found 6 plugins.
Preloading 1 native plugins for Editor in 3.62 ms.
Initialize engine version: 2020.3.22f1 (e1a7f79fd887)
[Subsystems] Discovering subsystems at path C:/Program Files/Unity/Hub/Editor/2020.3.22f1/Editor/Data/Resources/UnitySubsystems
[Subsystems] Discovering subsystems at path C:/Users/asus/Documents/GitHub/XR_Hackathon_FB/Assets
GfxDevice: creating device client; threaded=0
Direct3D:
    Version:  Direct3D 11.0 [level 11.0]
    Renderer: NVIDIA GeForce 940MX (ID=0x134d)
    Vendor:   
    VRAM:     2010 MB
    Driver:   27.21.14.5167
Shader 'Oculus/OVRMRCameraFrameLit': fallback shader 'Alpha-Diffuse' not found
Initialize mono
Mono path[0] = 'C:/Program Files/Unity/Hub/Editor/2020.3.22f1/Editor/Data/Managed'
Mono path[1] = 'C:/Program Files/Unity/Hub/Editor/2020.3.22f1/Editor/Data/MonoBleedingEdge/lib/mono/unityjit'
Mono config path = 'C:/Program Files/Unity/Hub/Editor/2020.3.22f1/Editor/Data/MonoBleedingEdge/etc'
Using monoOptions --debugger-agent=transport=dt_socket,embedding=1,server=y,suspend=n,address=127.0.0.1:56036
Begin MonoManager ReloadAssembly
Registering precompiled unity dll's ...
Register platform support module: C:/Program Files/Unity/Hub/Editor/2020.3.22f1/Editor/Data/PlaybackEngines/WindowsStandaloneSupport/UnityEditor.WindowsStandalone.Extensions.dll
Registered in 0.003044 seconds.
Native extension for WindowsStandalone target not found
Refreshing native plugins compatible for Editor in 105.21 ms, found 6 plugins.
Preloading 1 native plugins for Editor in 0.13 ms.
Mono: successfully reloaded assembly
- Completed reload, in  3.516 seconds
Domain Reload Profiling:
	ReloadAssembly (3516ms)
		BeginReloadAssembly (133ms)
			ExecutionOrderSort (0ms)
			DisableScriptedObjects (0ms)
			BackupInstance (0ms)
			ReleaseScriptingObjects (0ms)
			CreateAndSetChildDomain (2ms)
		EndReloadAssembly (662ms)
			LoadAssemblies (120ms)
			RebuildTransferFunctionScriptingTraits (0ms)
			SetupTypeCache (206ms)
			ReleaseScriptCaches (0ms)
			RebuildScriptCaches (44ms)
			SetupLoadedEditorAssemblies (269ms)
				LogAssemblyErrors (0ms)
				InitializePlatformSupportModulesInManaged (6ms)
				SetLoadedEditorAssemblies (0ms)
				RefreshPlugins (105ms)
				BeforeProcessingInitializeOnLoad (14ms)
				ProcessInitializeOnLoadAttributes (104ms)
				ProcessInitializeOnLoadMethodAttributes (40ms)
				AfterProcessingInitializeOnLoad (0ms)
				EditorAssembliesLoaded (0ms)
			ExecutionOrderSort2 (0ms)
			AwakeInstancesAfterBackupRestoration (0ms)
Platform modules already initialized, skipping
Registering precompiled user dll's ...
Registered in 0.014751 seconds.
Begin MonoManager ReloadAssembly
Native extension for WindowsStandalone target not found
Refreshing native plugins compatible for Editor in 205.25 ms, found 6 plugins.
Preloading 1 native plugins for Editor in 0.17 ms.
[XR] OculusXRPlugin: registering subsystems
[XR] Unable to register display lifecyle provider: [1]
[XR] Oculus Input lifecycle provider registered.
[XR] Unable to register input lifecyle provider: [1]
[XR] OVRP version 1.66.0
Mono: successfully reloaded assembly
- Completed reload, in 17.172 seconds
Domain Reload Profiling:
	ReloadAssembly (17174ms)
		BeginReloadAssembly (14436ms)
			ExecutionOrderSort (0ms)
			DisableScriptedObjects (4ms)
			BackupInstance (0ms)
			ReleaseScriptingObjects (0ms)
			CreateAndSetChildDomain (20ms)
		EndReloadAssembly (2643ms)
			LoadAssemblies (14850ms)
			RebuildTransferFunctionScriptingTraits (0ms)
			SetupTypeCache (639ms)
			ReleaseScriptCaches (1ms)
			RebuildScriptCaches (170ms)
			SetupLoadedEditorAssemblies (893ms)
				LogAssemblyErrors (0ms)
				InitializePlatformSupportModulesInManaged (16ms)
				SetLoadedEditorAssemblies (0ms)
				RefreshPlugins (206ms)
				BeforeProcessingInitializeOnLoad (156ms)
				ProcessInitializeOnLoadAttributes (436ms)
				ProcessInitializeOnLoadMethodAttributes (27ms)
				AfterProcessingInitializeOnLoad (52ms)
				EditorAssembliesLoaded (0ms)
			ExecutionOrderSort2 (0ms)
			AwakeInstancesAfterBackupRestoration (16ms)
Platform modules already initialized, skipping
========================================================================
Worker process is ready to serve import requests
Shader 'Oculus/OVRMRCameraFrameLit': fallback shader 'Alpha-Diffuse' not found
Launched and connected shader compiler UnityShaderCompiler.exe after 0.06 seconds
Refreshing native plugins compatible for Editor in 1.89 ms, found 6 plugins.
Preloading 1 native plugins for Editor in 0.66 ms.
Unloading 3653 Unused Serialized files (Serialized files now loaded: 0)
System memory in use before: 167.2 MB.
System memory in use after: 167.4 MB.

Unloading 48 unused Assets to reduce memory usage. Loaded Objects now: 4065.
Total: 4.462700 ms (FindLiveObjects: 0.450200 ms CreateObjectMapping: 0.355700 ms MarkObjects: 3.541600 ms  DeleteObjects: 0.113800 ms)

AssetImportParameters requested are different than current active one (requested -> active):
  custom:framework-win-MediaFoundation: 216162199b28c13a410421893ffa2e32 -> 
  custom:video-decoder-ogg-theora: a1e56fd34408186e4bbccfd4996cb3dc -> 
  custom:container-muxer-webm: aa71ff27fc2769a1b78a27578f13a17b -> 
  custom:container-demuxer-webm: 4f35f7cbe854078d1ac9338744f61a02 -> 
  custom:container-demuxer-ogg: 62fdf1f143b41e24485cea50d1cbac27 -> 
  custom:video-encoder-webm-vp8: eb34c28f22e8b96e1ab97ce403110664 -> 
  custom:video-codec-MediaFoundation-h265: 746d11721c4dcdbdad8f713fa42b33f4 -> 
  custom:video-decoder-webm-vp8: 9c59270c3fd7afecdb556c50c9e8de78 -> 
  custom:audio-decoder-ogg-vorbis: bf7c407c2cedff20999df2af8eb42d56 -> 
  custom:audio-encoder-webm-vorbis: bf7c407c2cedff20999df2af8eb42d56 -> 
========================================================================
Received Import Request.
  path: Assets/NewLayer.terrainlayer
  artifactKey: Guid(4e5b307ad3fa3684eae4c65807abda64) Importer(815301076,1909f56bfc062723c751e8b465ee728b)
Start importing Assets/NewLayer.terrainlayer using Guid(4e5b307ad3fa3684eae4c65807abda64) Importer(815301076,1909f56bfc062723c751e8b465ee728b)  -> (artifact id: '080fa2c19cae06db794f0fba7cec390a') in 0.192090 seconds 
  Import took 0.198451 seconds .

========================================================================
Received Import Request.
  Time since last request: 0.000349 seconds.
  path: Assets/Oculus/OculusProjectConfig.asset
  artifactKey: Guid(8b91cef655025bd4aaf7d3087f53b781) Importer(815301076,1909f56bfc062723c751e8b465ee728b)
Start importing Assets/Oculus/OculusProjectConfig.asset using Guid(8b91cef655025bd4aaf7d3087f53b781) Importer(815301076,1909f56bfc062723c751e8b465ee728b)  -> (artifact id: '93a21a4aad641d37d99287f3e4920b25') in 0.010195 seconds 
  Import took 0.023245 seconds .

========================================================================
Received Import Request.
  Time since last request: 0.000892 seconds.
  path: Assets/Oculus/SampleFramework
  artifactKey: Guid(186a0f122a5f67a4991f83d284bf1dc6) Importer(815301076,1909f56bfc062723c751e8b465ee728b)
Start importing Assets/Oculus/SampleFramework using Guid(186a0f122a5f67a4991f83d284bf1dc6) Importer(815301076,1909f56bfc062723c751e8b465ee728b)  -> (artifact id: '514171f41d36773fee9d4294792b4634') in 0.006983 seconds 
  Import took 0.020734 seconds .

========================================================================
Received Import Request.
  Time since last request: 0.000315 seconds.
  path: Assets/Oculus/SampleFramework/Usage/Passthrough
  artifactKey: Guid(5360045862826a045b6c3cef30f5639b) Importer(815301076,1909f56bfc062723c751e8b465ee728b)
Start importing Assets/Oculus/SampleFramework/Usage/Passthrough using Guid(5360045862826a045b6c3cef30f5639b) Importer(815301076,1909f56bfc062723c751e8b465ee728b)  -> (artifact id: 'bd8ad7ae797a1bd3f2c3228f63c05771') in 0.008021 seconds 
  Import took 0.024014 seconds .

========================================================================
Received Import Request.
  Time since last request: 0.000335 seconds.
  path: Assets/Oculus/SampleFramework/Usage/Passthrough/Scenes
  artifactKey: Guid(c8305a29937c8a54b9f60723b403ba42) Importer(815301076,1909f56bfc062723c751e8b465ee728b)
Start importing Assets/Oculus/SampleFramework/Usage/Passthrough/Scenes using Guid(c8305a29937c8a54b9f60723b403ba42) Importer(815301076,1909f56bfc062723c751e8b465ee728b)  -> (artifact id: '29c10fd579dcc6f5190af81f136a4b35') in 0.004409 seconds 
  Import took 0.018934 seconds .

========================================================================
Received Import Request.
  Time since last request: 0.000352 seconds.
  path: Assets/Oculus
  artifactKey: Guid(4e89827bf1a06834a92d8d613e429a81) Importer(815301076,1909f56bfc062723c751e8b465ee728b)
Start importing Assets/Oculus using Guid(4e89827bf1a06834a92d8d613e429a81) Importer(815301076,1909f56bfc062723c751e8b465ee728b)  -> (artifact id: 'dc2026696ab5d504cb6d720fe60584bc') in 0.007667 seconds 
  Import took 0.020391 seconds .

========================================================================
Received Import Request.
  Time since last request: 0.000269 seconds.
  path: Assets/Oculus/SampleFramework/Usage
  artifactKey: Guid(8b578b5744fda3641a8d996a918ec63a) Importer(815301076,1909f56bfc062723c751e8b465ee728b)
Start importing Assets/Oculus/SampleFramework/Usage using Guid(8b578b5744fda3641a8d996a918ec63a) Importer(815301076,1909f56bfc062723c751e8b465ee728b)  -> (artifact id: '567eb76b70f4d71ce4d2fb88960e2478') in 0.012678 seconds 
  Import took 0.022694 seconds .

========================================================================
Received Import Request.
  Time since last request: 0.000121 seconds.
  path: Assets/Oculus/SampleFramework/Usage/Passthrough/Scenes/PassthroughStyles.unity
  artifactKey: Guid(a1a6574991742284e9630c2e8f93648a) Importer(815301076,1909f56bfc062723c751e8b465ee728b)
Start importing Assets/Oculus/SampleFramework/Usage/Passthrough/Scenes/PassthroughStyles.unity using Guid(a1a6574991742284e9630c2e8f93648a) Importer(815301076,1909f56bfc062723c751e8b465ee728b)  -> (artifact id: '9df4a956d934098deefdde6b75267fe6') in 0.006777 seconds 
  Import took 0.022008 seconds .

========================================================================
Received Import Request.
  Time since last request: 0.000299 seconds.
  path: Assets/Oculus/SampleFramework/Usage/Passthrough/Scenes/PassthroughHands.unity
  artifactKey: Guid(c94e480e4a6da614693c0cd3372e2d2d) Importer(815301076,1909f56bfc062723c751e8b465ee728b)
Start importing Assets/Oculus/SampleFramework/Usage/Passthrough/Scenes/PassthroughHands.unity using Guid(c94e480e4a6da614693c0cd3372e2d2d) Importer(815301076,1909f56bfc062723c751e8b465ee728b)  -> (artifact id: 'd59b684c6211edc5833628a9b8a66ad1') in 0.006165 seconds 
  Import took 0.016820 seconds .

========================================================================
Received Import Request.
  Time since last request: 0.000188 seconds.
  path: Assets/Oculus/SampleFramework/Usage/DebugUI
  artifactKey: Guid(e19edefb2b230cd4a957633b38da604e) Importer(815301076,1909f56bfc062723c751e8b465ee728b)
Start importing Assets/Oculus/SampleFramework/Usage/DebugUI using Guid(e19edefb2b230cd4a957633b38da604e) Importer(815301076,1909f56bfc062723c751e8b465ee728b)  -> (artifact id: 'be5747d04ec90e035f3e097b7b4990be') in 0.014355 seconds 
  Import took 0.023478 seconds .

========================================================================
Received Import Request.
  Time since last request: 0.000282 seconds.
  path: Assets/Readme.asset
  artifactKey: Guid(83c2ed844a8c74b779a4c823d16594b1) Importer(815301076,1909f56bfc062723c751e8b465ee728b)
Start importing Assets/Readme.asset using Guid(83c2ed844a8c74b779a4c823d16594b1) Importer(815301076,1909f56bfc062723c751e8b465ee728b)  -> (artifact id: '7c3b9f17ff219922461d349995487975') in 0.065758 seconds 
  Import took 0.075596 seconds .

========================================================================
Received Import Request.
  Time since last request: 58.865751 seconds.
  path: Assets/Oculus/SampleFramework/Usage/Passthrough/Scenes/Lighting.unity
  artifactKey: Guid(b79c88b27037b4b48ab3fa45a63f208d) Importer(815301076,1909f56bfc062723c751e8b465ee728b)
Start importing Assets/Oculus/SampleFramework/Usage/Passthrough/Scenes/Lighting.unity using Guid(b79c88b27037b4b48ab3fa45a63f208d) Importer(815301076,1909f56bfc062723c751e8b465ee728b)  -> (artifact id: '65e6f64ab4a491613a0b93e84e6bd647') in 0.006348 seconds 
  Import took 0.016114 seconds .

========================================================================
Received Import Request.
  Time since last request: 1.720168 seconds.
  path: Assets/Oculus/SampleFramework/Usage/Passthrough/Scenes/AugmentedObjects.unity
  artifactKey: Guid(9afeada2bbd240b4981cfb6abb525418) Importer(815301076,1909f56bfc062723c751e8b465ee728b)
Start importing Assets/Oculus/SampleFramework/Usage/Passthrough/Scenes/AugmentedObjects.unity using Guid(9afeada2bbd240b4981cfb6abb525418) Importer(815301076,1909f56bfc062723c751e8b465ee728b)  -> (artifact id: '4ec340fefec6f1854e9ca0b724eeff5c') in 0.005593 seconds 
  Import took 0.013355 seconds .

========================================================================
Received Import Request.
  Time since last request: 157.569140 seconds.
  path: Assets/Oculus/SampleFramework/Usage/Passthrough/Scripts/ObjectManipulator.cs
  artifactKey: Guid(891a5db22dd82b84195539b740608c98) Importer(815301076,1909f56bfc062723c751e8b465ee728b)
Start importing Assets/Oculus/SampleFramework/Usage/Passthrough/Scripts/ObjectManipulator.cs using Guid(891a5db22dd82b84195539b740608c98) Importer(815301076,1909f56bfc062723c751e8b465ee728b)  -> (artifact id: 'f8e2ae1f5cd90ced64aa913a469ab24d') in 0.066412 seconds 
  Import took 0.074025 seconds .

