Using pre-set license
Built from '2020.3/staging' branch; Version is '2020.3.21f1 (a38c86f6690f) revision 10718342'; Using compiler version '192528614'; Build Type 'Release'
OS: 'Windows 10 Home; OS build 19042.1288; Version 2009; 64bit' Language: 'es' Physical Memory: 16230 MB
BatchMode: 1, IsHumanControllingUs: 0, StartBugReporterOnCrash: 0, Is64bit: 1, IsPro: 0

COMMAND LINE ARGUMENTS:
D:\Unity\2020.3.21f1\Editor\Unity.exe
-adb2
-batchMode
-noUpm
-name
AssetImportWorker5
-projectPath
D:/Unity/Projects/XR_Hackathon_FB
-logFile
Logs/AssetImportWorker5.log
-srvPort
64037
Successfully changed project path to: D:/Unity/Projects/XR_Hackathon_FB
D:/Unity/Projects/XR_Hackathon_FB
Using Asset Import Pipeline V2.
Refreshing native plugins compatible for Editor in 90.03 ms, found 6 plugins.
Preloading 1 native plugins for Editor in 0.89 ms.
Initialize engine version: 2020.3.21f1 (a38c86f6690f)
[Subsystems] Discovering subsystems at path D:/Unity/2020.3.21f1/Editor/Data/Resources/UnitySubsystems
[Subsystems] Discovering subsystems at path D:/Unity/Projects/XR_Hackathon_FB/Assets
GfxDevice: creating device client; threaded=0
Direct3D:
    Version:  Direct3D 11.0 [level 11.1]
    Renderer: NVIDIA GeForce GTX 1060 (ID=0x1c20)
    Vendor:   
    VRAM:     6052 MB
    Driver:   27.21.14.6172
Shader 'Oculus/OVRMRCameraFrameLit': fallback shader 'Alpha-Diffuse' not found
Initialize mono
Mono path[0] = 'D:/Unity/2020.3.21f1/Editor/Data/Managed'
Mono path[1] = 'D:/Unity/2020.3.21f1/Editor/Data/MonoBleedingEdge/lib/mono/unityjit'
Mono config path = 'D:/Unity/2020.3.21f1/Editor/Data/MonoBleedingEdge/etc'
Using monoOptions --debugger-agent=transport=dt_socket,embedding=1,server=y,suspend=n,address=127.0.0.1:56080
Begin MonoManager ReloadAssembly
Registering precompiled unity dll's ...
Register platform support module: D:/Unity/2020.3.21f1/Editor/Data/PlaybackEngines/WebGLSupport/UnityEditor.WebGL.Extensions.dll
Register platform support module: D:/Unity/2020.3.21f1/Editor/Data/PlaybackEngines/WindowsStandaloneSupport/UnityEditor.WindowsStandalone.Extensions.dll
Registered in 0.001286 seconds.
Native extension for WindowsStandalone target not found
Native extension for WebGL target not found
Refreshing native plugins compatible for Editor in 75.43 ms, found 6 plugins.
Preloading 1 native plugins for Editor in 0.03 ms.
Mono: successfully reloaded assembly
- Completed reload, in  1.667 seconds
Domain Reload Profiling:
	ReloadAssembly (1668ms)
		BeginReloadAssembly (62ms)
			ExecutionOrderSort (0ms)
			DisableScriptedObjects (0ms)
			BackupInstance (0ms)
			ReleaseScriptingObjects (0ms)
			CreateAndSetChildDomain (1ms)
		EndReloadAssembly (455ms)
			LoadAssemblies (62ms)
			RebuildTransferFunctionScriptingTraits (0ms)
			SetupTypeCache (148ms)
			ReleaseScriptCaches (0ms)
			RebuildScriptCaches (25ms)
			SetupLoadedEditorAssemblies (190ms)
				LogAssemblyErrors (0ms)
				InitializePlatformSupportModulesInManaged (4ms)
				SetLoadedEditorAssemblies (0ms)
				RefreshPlugins (76ms)
				BeforeProcessingInitializeOnLoad (12ms)
				ProcessInitializeOnLoadAttributes (73ms)
				ProcessInitializeOnLoadMethodAttributes (25ms)
				AfterProcessingInitializeOnLoad (0ms)
				EditorAssembliesLoaded (0ms)
			ExecutionOrderSort2 (0ms)
			AwakeInstancesAfterBackupRestoration (0ms)
Platform modules already initialized, skipping
Registering precompiled user dll's ...
Registered in 0.008599 seconds.
Begin MonoManager ReloadAssembly
Native extension for WindowsStandalone target not found
Native extension for WebGL target not found
Refreshing native plugins compatible for Editor in 82.25 ms, found 6 plugins.
Preloading 1 native plugins for Editor in 0.04 ms.
[XR] OculusXRPlugin: registering subsystems
[XR] Unable to register display lifecyle provider: [1]
[XR] Oculus Input lifecycle provider registered.
[XR] Unable to register input lifecyle provider: [1]
[XR] OVRP version 1.65.0
Mono: successfully reloaded assembly
- Completed reload, in  3.847 seconds
Domain Reload Profiling:
	ReloadAssembly (3848ms)
		BeginReloadAssembly (150ms)
			ExecutionOrderSort (0ms)
			DisableScriptedObjects (4ms)
			BackupInstance (0ms)
			ReleaseScriptingObjects (0ms)
			CreateAndSetChildDomain (19ms)
		EndReloadAssembly (3490ms)
			LoadAssemblies (2355ms)
			RebuildTransferFunctionScriptingTraits (0ms)
			SetupTypeCache (342ms)
			ReleaseScriptCaches (1ms)
			RebuildScriptCaches (56ms)
			SetupLoadedEditorAssemblies (628ms)
				LogAssemblyErrors (0ms)
				InitializePlatformSupportModulesInManaged (4ms)
				SetLoadedEditorAssemblies (0ms)
				RefreshPlugins (82ms)
				BeforeProcessingInitializeOnLoad (89ms)
				ProcessInitializeOnLoadAttributes (307ms)
				ProcessInitializeOnLoadMethodAttributes (142ms)
				AfterProcessingInitializeOnLoad (2ms)
				EditorAssembliesLoaded (0ms)
			ExecutionOrderSort2 (0ms)
			AwakeInstancesAfterBackupRestoration (7ms)
Platform modules already initialized, skipping
========================================================================
Worker process is ready to serve import requests
Shader 'Oculus/OVRMRCameraFrameLit': fallback shader 'Alpha-Diffuse' not found
Launched and connected shader compiler UnityShaderCompiler.exe after 0.24 seconds
Refreshing native plugins compatible for Editor in 0.86 ms, found 6 plugins.
Preloading 1 native plugins for Editor in 0.04 ms.
Unloading 3560 Unused Serialized files (Serialized files now loaded: 0)
System memory in use before: 164.2 MB.
System memory in use after: 164.4 MB.

Unloading 47 unused Assets to reduce memory usage. Loaded Objects now: 3978.
Total: 4.490700 ms (FindLiveObjects: 0.329500 ms CreateObjectMapping: 0.130600 ms MarkObjects: 3.952800 ms  DeleteObjects: 0.076700 ms)

AssetImportParameters requested are different than current active one (requested -> active):
  custom:framework-win-MediaFoundation: 216162199b28c13a410421893ffa2e32 -> 
  custom:video-decoder-ogg-theora: a1e56fd34408186e4bbccfd4996cb3dc -> 
  custom:container-muxer-webm: aa71ff27fc2769a1b78a27578f13a17b -> 
  custom:container-demuxer-webm: 4f35f7cbe854078d1ac9338744f61a02 -> 
  custom:container-demuxer-ogg: 62fdf1f143b41e24485cea50d1cbac27 -> 
  custom:video-encoder-webm-vp8: eb34c28f22e8b96e1ab97ce403110664 -> 
  custom:video-decoder-webm-vp8: 9c59270c3fd7afecdb556c50c9e8de78 -> 
  custom:audio-decoder-ogg-vorbis: bf7c407c2cedff20999df2af8eb42d56 -> 
  custom:audio-encoder-webm-vorbis: bf7c407c2cedff20999df2af8eb42d56 -> 
========================================================================
Received Import Request.
  path: Assets/Presets
  artifactKey: Guid(558255460b74ec04fa70b5570e9327bd) Importer(815301076,1909f56bfc062723c751e8b465ee728b)
Start importing Assets/Presets using Guid(558255460b74ec04fa70b5570e9327bd) Importer(815301076,1909f56bfc062723c751e8b465ee728b)  -> (artifact id: '99e4144fdf7d1a139d389fda8ba1dbbd') in 0.025733 seconds 
  Import took 0.177583 seconds .

========================================================================
Received Import Request.
  Time since last request: 0.000686 seconds.
  path: Assets
  artifactKey: Guid(00000000000000001000000000000000) Importer(815301076,1909f56bfc062723c751e8b465ee728b)
Start importing Assets using Guid(00000000000000001000000000000000) Importer(815301076,1909f56bfc062723c751e8b465ee728b)  -> (artifact id: '42d402b061de3733987d63b9cc3b64de') in 0.002495 seconds 
  Import took 0.105337 seconds .

========================================================================
Received Import Request.
  Time since last request: 329.654063 seconds.
  path: Assets/Oculus/LipSync/Models/RobotHead_TextureFlip/ih.png
  artifactKey: Guid(ad60c8114191fdf41aa0ea64e132add9) Importer(815301076,1909f56bfc062723c751e8b465ee728b)
Start importing Assets/Oculus/LipSync/Models/RobotHead_TextureFlip/ih.png using Guid(ad60c8114191fdf41aa0ea64e132add9) Importer(815301076,1909f56bfc062723c751e8b465ee728b)  -> (artifact id: '41ebccb2cfcf1d6993fdbd6dda048ab9') in 0.313633 seconds 
  Import took 0.342565 seconds .

========================================================================
Received Import Request.
  Time since last request: 9.827391 seconds.
  path: Assets/_manuel/MySprites/asteroid.png
  artifactKey: Guid(903175a64a2a3334088c9978df421ea3) Importer(815301076,1909f56bfc062723c751e8b465ee728b)
Start importing Assets/_manuel/MySprites/asteroid.png using Guid(903175a64a2a3334088c9978df421ea3) Importer(815301076,1909f56bfc062723c751e8b465ee728b)  -> (artifact id: 'e5d286365ce4d336a8a4686e71fb8712') in 0.131085 seconds 
  Import took 0.199952 seconds .

========================================================================
Received Import Request.
  Time since last request: 2.525147 seconds.
  path: Assets/Oculus/LipSync/Models/RobotHead_TextureFlip/aa.png
  artifactKey: Guid(5c06354455999f94ea26114e261dde6d) Importer(815301076,1909f56bfc062723c751e8b465ee728b)
Start importing Assets/Oculus/LipSync/Models/RobotHead_TextureFlip/aa.png using Guid(5c06354455999f94ea26114e261dde6d) Importer(815301076,1909f56bfc062723c751e8b465ee728b)  -> (artifact id: '999d5e5e14070e1cac781b3dcebe7846') in 0.009239 seconds 
  Import took 0.024458 seconds .

========================================================================
Received Import Request.
  Time since last request: 1.311651 seconds.
  path: Assets/_manuel/MySprites/back_button.png
  artifactKey: Guid(20a95f6f213a41a4f8eb09a4bd100f06) Importer(815301076,1909f56bfc062723c751e8b465ee728b)
Start importing Assets/_manuel/MySprites/back_button.png using Guid(20a95f6f213a41a4f8eb09a4bd100f06) Importer(815301076,1909f56bfc062723c751e8b465ee728b)  -> (artifact id: 'dd013d5194a967278278bb4f93149bc3') in 0.016596 seconds 
  Import took 0.036530 seconds .

========================================================================
Received Import Request.
  Time since last request: 1.738352 seconds.
  path: Assets/Oculus/SampleFramework/Usage/SharedAssets/Textures/ball_billiard_03_dif.jpg
  artifactKey: Guid(6f62dbb8fce29e04fb0a99913642d116) Importer(815301076,1909f56bfc062723c751e8b465ee728b)
Start importing Assets/Oculus/SampleFramework/Usage/SharedAssets/Textures/ball_billiard_03_dif.jpg using Guid(6f62dbb8fce29e04fb0a99913642d116) Importer(815301076,1909f56bfc062723c751e8b465ee728b)  -> (artifact id: 'cb3bc6f0c88f578d217ce608725c0033') in 0.250328 seconds 
  Import took 0.302323 seconds .

========================================================================
Received Import Request.
  Time since last request: 1.982285 seconds.
  path: Assets/Oculus/SampleFramework/Usage/SharedAssets/Textures/ball_billiard_10_dif.jpg
  artifactKey: Guid(2314f2250e16c224fbaa392942901582) Importer(815301076,1909f56bfc062723c751e8b465ee728b)
Start importing Assets/Oculus/SampleFramework/Usage/SharedAssets/Textures/ball_billiard_10_dif.jpg using Guid(2314f2250e16c224fbaa392942901582) Importer(815301076,1909f56bfc062723c751e8b465ee728b)  -> (artifact id: 'c697b71336b35afb4a270fd82e3d1c59') in 0.017165 seconds 
  Import took 0.039058 seconds .

========================================================================
Received Import Request.
  Time since last request: 4.161492 seconds.
  path: Assets/Oculus/SampleFramework/Usage/SharedAssets/Textures/block_wood_01_dif.png
  artifactKey: Guid(4281f5429a5bbd04da4ccfce25a814d3) Importer(815301076,1909f56bfc062723c751e8b465ee728b)
Start importing Assets/Oculus/SampleFramework/Usage/SharedAssets/Textures/block_wood_01_dif.png using Guid(4281f5429a5bbd04da4ccfce25a814d3) Importer(815301076,1909f56bfc062723c751e8b465ee728b)  -> (artifact id: 'e03d6ddfd2c6470d94465e6b25353035') in 0.018856 seconds 
  Import took 0.068640 seconds .

========================================================================
Received Import Request.
  Time since last request: 8.741886 seconds.
  path: Assets/Oculus/SampleFramework/Usage/SharedAssets/Textures/block_wood_01_nml.png
  artifactKey: Guid(8ae0377f4bf34c04d803e6bbeb1c3077) Importer(815301076,1909f56bfc062723c751e8b465ee728b)
Start importing Assets/Oculus/SampleFramework/Usage/SharedAssets/Textures/block_wood_01_nml.png using Guid(8ae0377f4bf34c04d803e6bbeb1c3077) Importer(815301076,1909f56bfc062723c751e8b465ee728b)  -> (artifact id: '52ce865c6a32beb14c0b69593cfb1d47') in 0.029056 seconds 
  Import took 0.067463 seconds .

========================================================================
Received Import Request.
  Time since last request: 1.445283 seconds.
  path: Assets/Oculus/LipSync/Models/RobotHead_TextureFlip/CH.png
  artifactKey: Guid(5e6531e8f56b42547b8d2ddf7a7363d1) Importer(815301076,1909f56bfc062723c751e8b465ee728b)
Start importing Assets/Oculus/LipSync/Models/RobotHead_TextureFlip/CH.png using Guid(5e6531e8f56b42547b8d2ddf7a7363d1) Importer(815301076,1909f56bfc062723c751e8b465ee728b)  -> (artifact id: 'c9e4ddd08f6c10b1e1f4384545500544') in 0.009588 seconds 
  Import took 0.020666 seconds .

========================================================================
Received Import Request.
  Time since last request: 1.262185 seconds.
  path: Assets/Oculus/VR/Textures/color_ramp_timer.tga
  artifactKey: Guid(8929c8bc5148a624b8c9d6df0ee6f0ca) Importer(815301076,1909f56bfc062723c751e8b465ee728b)
Start importing Assets/Oculus/VR/Textures/color_ramp_timer.tga using Guid(8929c8bc5148a624b8c9d6df0ee6f0ca) Importer(815301076,1909f56bfc062723c751e8b465ee728b)  -> (artifact id: '91b1bd50d415999f41eb5c109ee1dbdf') in 0.194002 seconds 
  Import took 0.208822 seconds .

========================================================================
Received Import Request.
  Time since last request: 32.763094 seconds.
  path: Assets/Oculus/SampleFramework/Usage/OVROverlay/Textures/Tile_Texture_Lost.png
  artifactKey: Guid(c09e861d46e4db94ebfae91e507dd88a) Importer(815301076,1909f56bfc062723c751e8b465ee728b)
Start importing Assets/Oculus/SampleFramework/Usage/OVROverlay/Textures/Tile_Texture_Lost.png using Guid(c09e861d46e4db94ebfae91e507dd88a) Importer(815301076,1909f56bfc062723c751e8b465ee728b)  -> (artifact id: '42039e3928781795a70c29d6fe8c9b21') in 0.072966 seconds 
  Import took 0.079813 seconds .

========================================================================
Received Import Request.
  Time since last request: 0.385479 seconds.
  path: Assets/Oculus/SampleFramework/Usage/OVROverlay/Textures/Tile_Texture_OculusVideo.png
  artifactKey: Guid(576bbf942ea70bc4f9abed25da33aef7) Importer(815301076,1909f56bfc062723c751e8b465ee728b)
Start importing Assets/Oculus/SampleFramework/Usage/OVROverlay/Textures/Tile_Texture_OculusVideo.png using Guid(576bbf942ea70bc4f9abed25da33aef7) Importer(815301076,1909f56bfc062723c751e8b465ee728b)  -> (artifact id: '27711708bb349746555cba928d43e036') in 0.010729 seconds 
  Import took 0.122713 seconds .

========================================================================
Received Import Request.
  Time since last request: 1.719665 seconds.
  path: Assets/Oculus/SampleFramework/Usage/OVROverlay/Textures/Tile_Texture_CinemaText.png
  artifactKey: Guid(695537b83ff4c854ba3a62d3350a26ec) Importer(815301076,1909f56bfc062723c751e8b465ee728b)
Start importing Assets/Oculus/SampleFramework/Usage/OVROverlay/Textures/Tile_Texture_CinemaText.png using Guid(695537b83ff4c854ba3a62d3350a26ec) Importer(815301076,1909f56bfc062723c751e8b465ee728b)  -> (artifact id: '7b5edb9a4bf5d1bd820dd05da33f1b49') in 0.013686 seconds 
  Import took 0.046450 seconds .

========================================================================
Received Import Request.
  Time since last request: 0.489246 seconds.
  path: Assets/Oculus/SampleFramework/Core/TouchControllers/Materials/Textures/touchController_controlmap.tga
  artifactKey: Guid(2cc8e2323e3925144b6880c5e7600b89) Importer(815301076,1909f56bfc062723c751e8b465ee728b)
Start importing Assets/Oculus/SampleFramework/Core/TouchControllers/Materials/Textures/touchController_controlmap.tga using Guid(2cc8e2323e3925144b6880c5e7600b89) Importer(815301076,1909f56bfc062723c751e8b465ee728b)  -> (artifact id: '4261468ed8a0a2d8059da27aa355293d') in 0.101085 seconds 
  Import took 0.127379 seconds .

========================================================================
Received Import Request.
  Time since last request: 0.596542 seconds.
  path: Assets/Oculus/SampleFramework/Usage/SharedAssets/Textures/triangles.png
  artifactKey: Guid(53aa997cbf3a15e48b78352b94e3f1b9) Importer(815301076,1909f56bfc062723c751e8b465ee728b)
Start importing Assets/Oculus/SampleFramework/Usage/SharedAssets/Textures/triangles.png using Guid(53aa997cbf3a15e48b78352b94e3f1b9) Importer(815301076,1909f56bfc062723c751e8b465ee728b)  -> (artifact id: 'b81eeea56a014278560e91f53de31c53') in 0.010155 seconds 
  Import took 0.041079 seconds .

========================================================================
Received Import Request.
  Time since last request: 0.610217 seconds.
  path: Assets/Oculus/SampleFramework/Usage/OVROverlay/Textures/VRCompositorExplain.png
  artifactKey: Guid(23233d83117b40244b7dc190b15bb597) Importer(815301076,1909f56bfc062723c751e8b465ee728b)
Start importing Assets/Oculus/SampleFramework/Usage/OVROverlay/Textures/VRCompositorExplain.png using Guid(23233d83117b40244b7dc190b15bb597) Importer(815301076,1909f56bfc062723c751e8b465ee728b)  -> (artifact id: 'd014f2c2a6d1598c85dc588818ec296b') in 0.028630 seconds 
  Import took 0.056356 seconds .

========================================================================
Received Import Request.
  Time since last request: 0.625007 seconds.
  path: Assets/Oculus/SampleFramework/Usage/Locomotion/Textures/wall_brick_01_msm.png
  artifactKey: Guid(586be470a004247e6926753b5eb88b54) Importer(815301076,1909f56bfc062723c751e8b465ee728b)
Start importing Assets/Oculus/SampleFramework/Usage/Locomotion/Textures/wall_brick_01_msm.png using Guid(586be470a004247e6926753b5eb88b54) Importer(815301076,1909f56bfc062723c751e8b465ee728b)  -> (artifact id: 'd97d33b1d0765d84cd32886701709c6b') in 0.117705 seconds 
  Import took 0.151802 seconds .

========================================================================
Received Import Request.
  Time since last request: 0.568415 seconds.
  path: Assets/TutorialInfo/Icons/UniversalIcon.png
  artifactKey: Guid(7801804018a7dcf42abb827444e18660) Importer(815301076,1909f56bfc062723c751e8b465ee728b)
Start importing Assets/TutorialInfo/Icons/UniversalIcon.png using Guid(7801804018a7dcf42abb827444e18660) Importer(815301076,1909f56bfc062723c751e8b465ee728b)  -> (artifact id: '439a8f11bd43dea82f8b7ca57cb3a02a') in 0.029481 seconds 
  Import took 0.047744 seconds .

========================================================================
Received Import Request.
  Time since last request: 1.112733 seconds.
  path: Assets/Oculus/VR/Textures/OculusTouchForRift/touchController_controlmap.tga
  artifactKey: Guid(8469e5158ec88094497effdf524ee900) Importer(815301076,1909f56bfc062723c751e8b465ee728b)
Start importing Assets/Oculus/VR/Textures/OculusTouchForRift/touchController_controlmap.tga using Guid(8469e5158ec88094497effdf524ee900) Importer(815301076,1909f56bfc062723c751e8b465ee728b)  -> (artifact id: 'e5841dd8a421d4ea6f495d80c1e58d26') in 0.011979 seconds 
  Import took 0.055343 seconds .

========================================================================
Received Import Request.
  Time since last request: 0.831744 seconds.
  path: Assets/Oculus/SampleFramework/Usage/HandsTrainExample/Textures/XingLight.png
  artifactKey: Guid(11b03a969a56a6541938a82c96221de5) Importer(815301076,1909f56bfc062723c751e8b465ee728b)
Start importing Assets/Oculus/SampleFramework/Usage/HandsTrainExample/Textures/XingLight.png using Guid(11b03a969a56a6541938a82c96221de5) Importer(815301076,1909f56bfc062723c751e8b465ee728b)  -> (artifact id: 'a34911f8afd2eaf4525335ae634b523c') in 0.050109 seconds 
  Import took 0.111378 seconds .

========================================================================
Received Import Request.
  Time since last request: 146.892869 seconds.
  path: Assets/_manuel/MySprites/audioOff.png
  artifactKey: Guid(ad9be987444b4124b8c4692325f0f26f) Importer(815301076,1909f56bfc062723c751e8b465ee728b)
Start importing Assets/_manuel/MySprites/audioOff.png using Guid(ad9be987444b4124b8c4692325f0f26f) Importer(815301076,1909f56bfc062723c751e8b465ee728b)  -> (artifact id: 'f7f1327e3c9c0a3d7b9d676813981ccf') in 0.059441 seconds 
  Import took 0.082713 seconds .

========================================================================
Received Import Request.
  Time since last request: 0.000397 seconds.
  path: Assets/_manuel/MySprites/Smoke.psd
  artifactKey: Guid(21bae03b2cf79c24ea711572da118d50) Importer(815301076,1909f56bfc062723c751e8b465ee728b)
Start importing Assets/_manuel/MySprites/Smoke.psd using Guid(21bae03b2cf79c24ea711572da118d50) Importer(815301076,1909f56bfc062723c751e8b465ee728b)  -> (artifact id: 'aea38d1294985ebe4c5c4a46d3d8af16') in 0.129751 seconds 
  Import took 0.182103 seconds .

========================================================================
Received Import Request.
  Time since last request: 0.000321 seconds.
  path: Assets/_manuel/MySprites/enemy.png
  artifactKey: Guid(b98f1065387e95c4393cad80c037b555) Importer(815301076,1909f56bfc062723c751e8b465ee728b)
Start importing Assets/_manuel/MySprites/enemy.png using Guid(b98f1065387e95c4393cad80c037b555) Importer(815301076,1909f56bfc062723c751e8b465ee728b)  -> (artifact id: 'd6fdc8515ef9a6e9db99152733b152ef') in 0.205502 seconds 
  Import took 0.219686 seconds .

========================================================================
Received Import Request.
  Time since last request: 0.000283 seconds.
  path: Assets/_manuel/MySprites/Purple Nebula 8 - 1024x1024.png
  artifactKey: Guid(7c629e8086f61254586af0b290772d33) Importer(815301076,1909f56bfc062723c751e8b465ee728b)
Start importing Assets/_manuel/MySprites/Purple Nebula 8 - 1024x1024.png using Guid(7c629e8086f61254586af0b290772d33) Importer(815301076,1909f56bfc062723c751e8b465ee728b)  -> (artifact id: '93e8e735521d1400c02effd4d3f088b4') in 0.076118 seconds 
  Import took 0.109092 seconds .

========================================================================
Received Import Request.
  Time since last request: 0.000308 seconds.
  path: Assets/_manuel/MySprites/Dark Green Nebula 5 - 1024x1024.png
  artifactKey: Guid(f5c626c6c97f2c54592ba40c63eda873) Importer(815301076,1909f56bfc062723c751e8b465ee728b)
Start importing Assets/_manuel/MySprites/Dark Green Nebula 5 - 1024x1024.png using Guid(f5c626c6c97f2c54592ba40c63eda873) Importer(815301076,1909f56bfc062723c751e8b465ee728b)  -> (artifact id: 'ea6d9fbbc83e7f621e1d55f45458aa3f') in 0.073665 seconds 
  Import took 0.078182 seconds .

========================================================================
Received Import Request.
  Time since last request: 0.000275 seconds.
  path: Assets/_manuel/MySprites/audioOn.png
  artifactKey: Guid(086c3023534d9bf45925bc19a78d3534) Importer(815301076,1909f56bfc062723c751e8b465ee728b)
Start importing Assets/_manuel/MySprites/audioOn.png using Guid(086c3023534d9bf45925bc19a78d3534) Importer(815301076,1909f56bfc062723c751e8b465ee728b)  -> (artifact id: '1cac117192b6cb0bbf4ceccc49c8f4ea') in 0.025144 seconds 
  Import took 0.140797 seconds .

========================================================================
Received Import Request.
  Time since last request: 0.000374 seconds.
  path: Assets/_manuel/MySprites/icon.png
  artifactKey: Guid(4d6560e20cc6e0e469c3707d9deb4227) Importer(815301076,1909f56bfc062723c751e8b465ee728b)
Start importing Assets/_manuel/MySprites/icon.png using Guid(4d6560e20cc6e0e469c3707d9deb4227) Importer(815301076,1909f56bfc062723c751e8b465ee728b)  -> (artifact id: '4f01985829a7fcf3b5721b24ca026354') in 0.042319 seconds 
  Import took 0.047379 seconds .

========================================================================
Received Import Request.
  Time since last request: 0.000338 seconds.
  path: Assets/_manuel/MySprites/Circle.psd
  artifactKey: Guid(0c9468b70400e5d44b65dd69bc51df25) Importer(815301076,1909f56bfc062723c751e8b465ee728b)
Start importing Assets/_manuel/MySprites/Circle.psd using Guid(0c9468b70400e5d44b65dd69bc51df25) Importer(815301076,1909f56bfc062723c751e8b465ee728b)  -> (artifact id: 'f8bf8f8d7cd632f1abc710b45fe132fc') in 0.052184 seconds 
  Import took 0.062568 seconds .

========================================================================
Received Import Request.
  Time since last request: 0.000306 seconds.
  path: Assets/_manuel/MySprites/laser.png
  artifactKey: Guid(8bd361aa1fb900040a1e03dfe43414c1) Importer(815301076,1909f56bfc062723c751e8b465ee728b)
Start importing Assets/_manuel/MySprites/laser.png using Guid(8bd361aa1fb900040a1e03dfe43414c1) Importer(815301076,1909f56bfc062723c751e8b465ee728b)  -> (artifact id: '18bf7f05d1c2b74057cb354329326405') in 0.038602 seconds 
  Import took 0.058463 seconds .

========================================================================
Received Import Request.
  Time since last request: 0.000316 seconds.
  path: Assets/_manuel/MySprites/Shadow.psd
  artifactKey: Guid(e4381d9e444c4394fb942adbc1b8143c) Importer(815301076,1909f56bfc062723c751e8b465ee728b)
Start importing Assets/_manuel/MySprites/Shadow.psd using Guid(e4381d9e444c4394fb942adbc1b8143c) Importer(815301076,1909f56bfc062723c751e8b465ee728b)  -> (artifact id: 'ae5bc9973c719dfa1b0701ef5621ee20') in 0.102887 seconds 
  Import took 0.107565 seconds .

========================================================================
Received Import Request.
  Time since last request: 0.000317 seconds.
  path: Assets/_manuel/MySprites/Green Nebula 8 - 1024x1024.png
  artifactKey: Guid(53f9052240bbf4046a5eae4777159739) Importer(815301076,1909f56bfc062723c751e8b465ee728b)
Start importing Assets/_manuel/MySprites/Green Nebula 8 - 1024x1024.png using Guid(53f9052240bbf4046a5eae4777159739) Importer(815301076,1909f56bfc062723c751e8b465ee728b)  -> (artifact id: '2e9104887992a0483065bce981edf9cd') in 0.055587 seconds 
  Import took 0.070450 seconds .

========================================================================
Received Import Request.
  Time since last request: 0.000305 seconds.
  path: Assets/_manuel/MySprites/ship_2.png
  artifactKey: Guid(3fc9e2c96849b754684cab655533bf51) Importer(815301076,1909f56bfc062723c751e8b465ee728b)
Start importing Assets/_manuel/MySprites/ship_2.png using Guid(3fc9e2c96849b754684cab655533bf51) Importer(815301076,1909f56bfc062723c751e8b465ee728b)  -> (artifact id: 'e5792c6ac73803ed29dddb2d5129ac02') in 0.058043 seconds 
  Import took 0.070582 seconds .

========================================================================
Received Import Request.
  Time since last request: 0.000349 seconds.
  path: Assets/_manuel/MySprites/Particle.psd
  artifactKey: Guid(6ce4d4af03df72348acdebd573633527) Importer(815301076,1909f56bfc062723c751e8b465ee728b)
Start importing Assets/_manuel/MySprites/Particle.psd using Guid(6ce4d4af03df72348acdebd573633527) Importer(815301076,1909f56bfc062723c751e8b465ee728b)  -> (artifact id: '4fb89e5cfaf80560f73b370ec4c79bbc') in 0.036140 seconds 
  Import took 0.050687 seconds .

========================================================================
Received Import Request.
  Time since last request: 0.000311 seconds.
  path: Assets/_manuel/MySprites/icon 2.png
  artifactKey: Guid(a628f66042ca6214eab617ae60a392d4) Importer(815301076,1909f56bfc062723c751e8b465ee728b)
Start importing Assets/_manuel/MySprites/icon 2.png using Guid(a628f66042ca6214eab617ae60a392d4) Importer(815301076,1909f56bfc062723c751e8b465ee728b)  -> (artifact id: '2416a8d2bf75c4ccd5534747b9b42b22') in 0.027280 seconds 
  Import took 0.041593 seconds .

========================================================================
Received Import Request.
  Time since last request: 0.000310 seconds.
  path: Assets/_manuel/MySprites/icon 1.png
  artifactKey: Guid(fc22696a7bbc21749abd8529315283e4) Importer(815301076,1909f56bfc062723c751e8b465ee728b)
Start importing Assets/_manuel/MySprites/icon 1.png using Guid(fc22696a7bbc21749abd8529315283e4) Importer(815301076,1909f56bfc062723c751e8b465ee728b)  -> (artifact id: '7695857f987a2d718eff0503405d2264') in 0.033073 seconds 
  Import took 0.046540 seconds .

========================================================================
Received Import Request.
  Time since last request: 0.000300 seconds.
  path: Assets/_manuel/MySprites/explosion_sprite.png
  artifactKey: Guid(10ea3db530222ec4daa7fe43238c991d) Importer(815301076,1909f56bfc062723c751e8b465ee728b)
Start importing Assets/_manuel/MySprites/explosion_sprite.png using Guid(10ea3db530222ec4daa7fe43238c991d) Importer(815301076,1909f56bfc062723c751e8b465ee728b)  -> (artifact id: '172e2644b72139568d779590e1bcd9c7') in 0.147541 seconds 
  Import took 0.159771 seconds .

========================================================================
Received Import Request.
  Time since last request: 0.000332 seconds.
  path: Assets/_manuel/MySprites/myShip.png
  artifactKey: Guid(184a10431e863dc40aa10086a1279176) Importer(815301076,1909f56bfc062723c751e8b465ee728b)
Start importing Assets/_manuel/MySprites/myShip.png using Guid(184a10431e863dc40aa10086a1279176) Importer(815301076,1909f56bfc062723c751e8b465ee728b)  -> (artifact id: '93fc915657b373da75aed6c5b16b3e7a') in 0.034179 seconds 
  Import took 0.038980 seconds .

========================================================================
Received Import Request.
  Time since last request: 7.959837 seconds.
  path: Assets/_manuel/MyPrefabs/audio_controller.prefab
  artifactKey: Guid(58fcdc60494870a4794dbd7e441fca3c) Importer(815301076,1909f56bfc062723c751e8b465ee728b)
Start importing Assets/_manuel/MyPrefabs/audio_controller.prefab using Guid(58fcdc60494870a4794dbd7e441fca3c) Importer(815301076,1909f56bfc062723c751e8b465ee728b)  -> (artifact id: '2c2c56fa66430325388398971be19fab') in 0.322898 seconds 
  Import took 0.385615 seconds .

========================================================================
Received Import Request.
  Time since last request: 0.000277 seconds.
  path: Assets/_manuel/MyPrefabs/bullet.prefab
  artifactKey: Guid(8e7150d35313c024593d12dc874e4378) Importer(815301076,1909f56bfc062723c751e8b465ee728b)
Start importing Assets/_manuel/MyPrefabs/bullet.prefab using Guid(8e7150d35313c024593d12dc874e4378) Importer(815301076,1909f56bfc062723c751e8b465ee728b)  -> (artifact id: '9d1592eafac6576cf1e705dc2bea7f4f') in 0.491308 seconds 
  Import took 0.515052 seconds .

========================================================================
Received Import Request.
  Time since last request: 0.000297 seconds.
  path: Assets/_manuel/MyPrefabs/explosion_sprite_0.prefab
  artifactKey: Guid(7ff3b5c6289a7f044ac77717ce19279c) Importer(815301076,1909f56bfc062723c751e8b465ee728b)
Start importing Assets/_manuel/MyPrefabs/explosion_sprite_0.prefab using Guid(7ff3b5c6289a7f044ac77717ce19279c) Importer(815301076,1909f56bfc062723c751e8b465ee728b)  -> (artifact id: 'bba7fbdab0c0ca477ee9c373934e8779') in 0.037864 seconds 
  Import took 0.080458 seconds .

========================================================================
Received Import Request.
  Time since last request: 0.000310 seconds.
  path: Assets/_manuel/MyPrefabs/Panel.prefab
  artifactKey: Guid(9a42fd81e7afa9045a96e3152d2c5cf3) Importer(815301076,1909f56bfc062723c751e8b465ee728b)
Start importing Assets/_manuel/MyPrefabs/Panel.prefab using Guid(9a42fd81e7afa9045a96e3152d2c5cf3) Importer(815301076,1909f56bfc062723c751e8b465ee728b)  -> (artifact id: '4963154b909d19c45abd192b7d2aee4e') in 0.026322 seconds 
  Import took 0.031409 seconds .

========================================================================
Received Import Request.
  Time since last request: 1.326533 seconds.
  path: Assets/Oculus/Platform/Oculus.Platform.asmdef
  artifactKey: Guid(ea22cb6793c9ed449a2dd48035cef1f5) Importer(815301076,1909f56bfc062723c751e8b465ee728b)
Start importing Assets/Oculus/Platform/Oculus.Platform.asmdef using Guid(ea22cb6793c9ed449a2dd48035cef1f5) Importer(815301076,1909f56bfc062723c751e8b465ee728b)  -> (artifact id: '4e655969443573a8da8b8f09e66afe03') in 0.003712 seconds 
  Import took 0.076094 seconds .

AssetImportWorkerClient::OnTransportError - code=2 error=End of file
